<?xml version="1.0" encoding="UTF-8"?>
<!-- Generated by org.testng.reporters.JUnitReportReporter -->
<testsuite hostname="ITSD-NB-029754" failures="0" tests="2" name="com.Shopify.testobjects.ShopifyTest" time="13.285" errors="0" timestamp="26 Apr 2023 00:31:39 GMT" skipped="0">
  <testcase classname="com.Shopify.testobjects.ShopifyTest" name="createOrder_BOSTC_WH" time="0.461"/>
  <testcase classname="com.Shopify.testobjects.ShopifyTest" name="openLoginPage" time="12.824"/>
</testsuite> <!-- com.Shopify.testobjects.ShopifyTest -->
