<?xml version="1.0" encoding="UTF-8"?>
<!-- Generated by org.testng.reporters.JUnitReportReporter -->
<testsuite hostname="PC-BSAphoto" failures="0" tests="2" name="com.Shopify.testobjects.TrainingOrderCreationTest" time="252.094" errors="0" timestamp="08 May 2023 10:20:43 GMT" skipped="0">
  <testcase classname="com.Shopify.testobjects.TrainingOrderCreationTest" name="createTrainingOrders" time="241.754"/>
  <testcase classname="com.Shopify.testobjects.TrainingOrderCreationTest" name="openLoginPage" time="10.340"/>
</testsuite> <!-- com.Shopify.testobjects.TrainingOrderCreationTest -->
