<?xml version="1.0" encoding="UTF-8"?>
<!-- Generated by org.testng.reporters.JUnitReportReporter -->
<testsuite hostname="ASUS-Strix-G513QC-HN160T-BSA" failures="0" tests="1" name="com.Shopify.testobjects.GetBarangayLongLat" time="13.220" errors="0" timestamp="25 Aug 2022 08:12:53 GMT" skipped="0">
  <testcase classname="com.Shopify.testobjects.GetBarangayLongLat" name="getLongLat" time="13.220"/>
</testsuite> <!-- com.Shopify.testobjects.GetBarangayLongLat -->
