<?xml version="1.0" encoding="UTF-8"?>
<!-- Generated by org.testng.reporters.JUnitReportReporter -->
<testsuite hostname="ITPMO-NB-029754" failures="0" tests="2" name="com.Shopify.testobjects.ShopifyTest" time="31.181" errors="0" timestamp="20 Jun 2022 09:43:19 GMT" skipped="0">
  <testcase classname="com.Shopify.testobjects.ShopifyTest" name="createOrder_BOSTC_Store" time="4.747"/>
  <testcase classname="com.Shopify.testobjects.ShopifyTest" name="openHomePage" time="26.434"/>
</testsuite> <!-- com.Shopify.testobjects.ShopifyTest -->
