<?xml version="1.0" encoding="UTF-8"?>
<!-- Generated by org.testng.reporters.JUnitReportReporter -->
<testsuite skipped="0" hostname="DESKTOP-1UCOCCV" name="com.JiffyJab.testobjects.JippyJabFeedTest" tests="2" failures="0" timestamp="04 Mar 2020 14:02:58 GMT" time="39.876" errors="0">
  <testcase name="UserLogIn" time="15.160" classname="com.JiffyJab.testobjects.JippyJabFeedTest"/>
  <testcase name="LikeAndCommentRandomPost" time="24.716" classname="com.JiffyJab.testobjects.JippyJabFeedTest"/>
</testsuite> <!-- com.JiffyJab.testobjects.JippyJabFeedTest -->
